<?xml version="1.0" encoding="UTF-8" ?>
<testsuite tests="9" failures="9" name="BLL.OPC.ClientBaseTest" time="0.003" errors="0" skipped="0">
  <properties>
    <property name="java.runtime.name" value="Java(TM) SE Runtime Environment"/>
    <property name="java.vm.version" value="12.0.2+10"/>
    <property name="sun.boot.library.path" value="C:\Program Files\Java\jdk-12.0.2\bin"/>
    <property name="maven.multiModuleProjectDirectory" value="C:\Users\Developer\Documents\GitHub\DataCollectorDesktop"/>
    <property name="java.vm.vendor" value="Oracle Corporation"/>
    <property name="java.vendor.url" value="https://java.oracle.com/"/>
    <property name="guice.disable.misplaced.annotation.check" value="true"/>
    <property name="path.separator" value=";"/>
    <property name="java.vm.name" value="Java HotSpot(TM) 64-Bit Server VM"/>
    <property name="sun.os.patch.level" value=""/>
    <property name="user.script" value=""/>
    <property name="user.country" value="US"/>
    <property name="sun.java.launcher" value="SUN_STANDARD"/>
    <property name="test" value="BLL.OPC.ClientBaseTest"/>
    <property name="java.vm.specification.name" value="Java Virtual Machine Specification"/>
    <property name="user.dir" value="C:\Users\Developer\Documents\GitHub\DataCollectorDesktop"/>
    <property name="java.vm.compressedOopsMode" value="Zero based"/>
    <property name="java.runtime.version" value="12.0.2+10"/>
    <property name="java.awt.graphicsenv" value="sun.awt.Win32GraphicsEnvironment"/>
    <property name="os.arch" value="amd64"/>
    <property name="java.io.tmpdir" value="C:\Users\DEVELO~1\AppData\Local\Temp\"/>
    <property name="line.separator" value="
"/>
    <property name="java.vm.specification.vendor" value="Oracle Corporation"/>
    <property name="user.variant" value=""/>
    <property name="os.name" value="Windows 10"/>
    <property name="maven.ext.class.path" value="C:\Program Files\NetBeans-11.1\netbeans\java\maven-nblib\netbeans-eventspy.jar"/>
    <property name="classworlds.conf" value="C:\Program Files\NetBeans-11.1\netbeans\java\maven\bin\m2.conf"/>
    <property name="sun.jnu.encoding" value="Cp1252"/>
    <property name="java.library.path" value="C:\Program Files\Java\jdk-12.0.2\bin;C:\Windows\Sun\Java\bin;C:\Windows\system32;C:\Windows;C:\Program Files (x86)\Common Files\Oracle\Java\javapath;C:\Windows\system32;C:\Windows;C:\Windows\System32\Wbem;C:\Windows\System32\WindowsPowerShell\v1.0\;C:\Windows\System32\OpenSSH\;C:\Program Files (x86)\Microsoft SQL Server\150\DTS\Binn\;C:\Program Files\Microsoft SQL Server\Client SDK\ODBC\130\Tools\Binn\;C:\Program Files (x86)\Microsoft SQL Server\140\Tools\Binn\;C:\Program Files\Microsoft SQL Server\140\Tools\Binn\;C:\Program Files\Microsoft SQL Server\140\DTS\Binn\;C:\Users\Developer\AppData\Local\Microsoft\WindowsApps;C:\Users\Developer\AppData\Local\GitHubDesktop\bin;C:\Program Files\Java\jdk-12.0.2;C:\Program Files\apache-maven-3.6.2\bin;;."/>
    <property name="jdk.debug" value="release"/>
    <property name="java.class.version" value="56.0"/>
    <property name="java.specification.name" value="Java Platform API Specification"/>
    <property name="sun.management.compiler" value="HotSpot 64-Bit Tiered Compilers"/>
    <property name="os.version" value="10.0"/>
    <property name="user.home" value="C:\Users\Developer"/>
    <property name="user.timezone" value="Europe/Paris"/>
    <property name="file.encoding" value="UTF-8"/>
    <property name="java.specification.version" value="12"/>
    <property name="user.name" value="Developer"/>
    <property name="java.class.path" value="C:\Program Files\NetBeans-11.1\netbeans\java\maven\boot\plexus-classworlds-2.5.2.jar"/>
    <property name="java.vm.specification.version" value="12"/>
    <property name="sun.arch.data.model" value="64"/>
    <property name="sun.java.command" value="org.codehaus.plexus.classworlds.launcher.Launcher -Dtest=BLL.OPC.ClientBaseTest -Dmaven.ext.class.path=C:\Program Files\NetBeans-11.1\netbeans\java\maven-nblib\netbeans-eventspy.jar -Dfile.encoding=UTF-8 surefire:test"/>
    <property name="java.home" value="C:\Program Files\Java\jdk-12.0.2"/>
    <property name="user.language" value="en"/>
    <property name="java.specification.vendor" value="Oracle Corporation"/>
    <property name="awt.toolkit" value="sun.awt.windows.WToolkit"/>
    <property name="java.vm.info" value="mixed mode, sharing"/>
    <property name="java.version" value="12.0.2"/>
    <property name="java.vendor" value="Oracle Corporation"/>
    <property name="maven.home" value="C:\Program Files\NetBeans-11.1\netbeans\java\maven"/>
    <property name="file.separator" value="\"/>
    <property name="java.version.date" value="2019-07-16"/>
    <property name="java.vendor.url.bug" value="https://bugreport.java.com/bugreport/"/>
    <property name="sun.io.unicode.encoding" value="UnicodeLittle"/>
    <property name="sun.cpu.endian" value="little"/>
    <property name="sun.desktop" value="windows"/>
    <property name="sun.cpu.isalist" value="amd64"/>
  </properties>
  <testcase classname="BLL.OPC.ClientBaseTest" name="BLL.OPC.ClientBaseTest.testGetUsername" time="0.003">
    <failure type="java.lang.NullPointerException">java.lang.NullPointerException
	at BLL.OPC.ClientBaseTest.testGetUsername(ClientBaseTest.java:53)
</failure>
    <system-out>getUsername
</system-out>
  </testcase>
  <testcase classname="BLL.OPC.ClientBaseTest" name="BLL.OPC.ClientBaseTest.testRun" time="0">
    <failure type="java.lang.NullPointerException">java.lang.NullPointerException
	at BLL.OPC.ClientBaseTest.testRun(ClientBaseTest.java:164)
</failure>
    <system-out>run
</system-out>
  </testcase>
  <testcase classname="BLL.OPC.ClientBaseTest" name="BLL.OPC.ClientBaseTest.testGetEndpointURL" time="0">
    <failure type="java.lang.NullPointerException">java.lang.NullPointerException
	at BLL.OPC.ClientBaseTest.testGetEndpointURL(ClientBaseTest.java:107)
</failure>
    <system-out>getEndpointURL
</system-out>
  </testcase>
  <testcase classname="BLL.OPC.ClientBaseTest" name="BLL.OPC.ClientBaseTest.testSetUsername" time="0">
    <failure type="java.lang.NullPointerException">java.lang.NullPointerException
	at BLL.OPC.ClientBaseTest.testSetUsername(ClientBaseTest.java:67)
</failure>
    <system-out>setUsername
</system-out>
  </testcase>
  <testcase classname="BLL.OPC.ClientBaseTest" name="BLL.OPC.ClientBaseTest.testGetPassword" time="0">
    <failure type="java.lang.NullPointerException">java.lang.NullPointerException
	at BLL.OPC.ClientBaseTest.testGetPassword(ClientBaseTest.java:80)
</failure>
    <system-out>getPassword
</system-out>
  </testcase>
  <testcase classname="BLL.OPC.ClientBaseTest" name="BLL.OPC.ClientBaseTest.testSetPassword" time="0">
    <failure type="java.lang.NullPointerException">java.lang.NullPointerException
	at BLL.OPC.ClientBaseTest.testSetPassword(ClientBaseTest.java:94)
</failure>
    <system-out>setPassword
</system-out>
  </testcase>
  <testcase classname="BLL.OPC.ClientBaseTest" name="BLL.OPC.ClientBaseTest.testGetIdentityProvider" time="0">
    <failure type="java.lang.NullPointerException">java.lang.NullPointerException
	at BLL.OPC.ClientBaseTest.testGetIdentityProvider(ClientBaseTest.java:149)
</failure>
    <system-out>getIdentityProvider
</system-out>
  </testcase>
  <testcase classname="BLL.OPC.ClientBaseTest" name="BLL.OPC.ClientBaseTest.testGetMessageSecurityMode" time="0">
    <failure type="java.lang.NullPointerException">java.lang.NullPointerException
	at BLL.OPC.ClientBaseTest.testGetMessageSecurityMode(ClientBaseTest.java:135)
</failure>
    <system-out>getMessageSecurityMode
</system-out>
  </testcase>
  <testcase classname="BLL.OPC.ClientBaseTest" name="BLL.OPC.ClientBaseTest.testGetSecurityPolicy" time="0">
    <failure type="java.lang.NullPointerException">java.lang.NullPointerException
	at BLL.OPC.ClientBaseTest.testGetSecurityPolicy(ClientBaseTest.java:121)
</failure>
    <system-out>getSecurityPolicy
</system-out>
  </testcase>
</testsuite>